Request received at URL /api/v1/get-products/2 at Thu May 09 2024 21:01:20 GMT+0530 (India Standard Time)
Request received at URL /api/v1/get-products/2 at Thu May 09 2024 21:01:37 GMT+0530 (India Standard Time)
Request received at URL /api/v1/get-products/1 at Thu May 09 2024 21:01:43 GMT+0530 (India Standard Time)
Request received at URL /api/v1/get-products/1/abc at Thu May 09 2024 21:01:48 GMT+0530 (India Standard Time)
Request received at URL /api/v1/get-products/13245 at Thu May 09 2024 21:01:54 GMT+0530 (India Standard Time)
Request received at URL /api/v1/get-products/1 at Thu May 09 2024 21:02:00 GMT+0530 (India Standard Time)
Request received at URL /api/v1/get-products/1 at Thu May 09 2024 21:04:44 GMT+0530 (India Standard Time)
Request received at URL /api/v1/get-products/1?apiKey=123-14sd-342 at Thu May 09 2024 21:04:54 GMT+0530 (India Standard Time)
Request received at URL /api/v1/get-products/1?apiKey=123-14sd-342 at Thu May 09 2024 21:17:28 GMT+0530 (India Standard Time)
Request received at URL /api/v1/get-products/1 at Thu May 09 2024 21:17:38 GMT+0530 (India Standard Time)
Request received at URL /api/v1/get-products/1 at Thu May 09 2024 21:17:50 GMT+0530 (India Standard Time)
Request received at URL /api/v1/get-products/1?apiKey=123-14sd-342 at Thu May 09 2024 21:20:00 GMT+0530 (India Standard Time)
Request received at URL /api/v1/get-products/1 at Thu May 09 2024 21:20:12 GMT+0530 (India Standard Time)
Request received at URL /api/v1/get-orders at Thu May 09 2024 21:24:51 GMT+0530 (India Standard Time)
Request received at URL /api/v1/get-orders at Thu May 09 2024 21:26:03 GMT+0530 (India Standard Time)
Request received at URL /api/v1/get-products/1 at Thu May 09 2024 21:26:09 GMT+0530 (India Standard Time)
Request received at URL /api/v1/get-products/1 at Thu May 09 2024 21:27:02 GMT+0530 (India Standard Time)
Request received at URL /api/v1/get-products/1 at Thu May 09 2024 21:28:39 GMT+0530 (India Standard Time)
Request received at URL /api/v1/get-orders at Thu May 09 2024 21:28:46 GMT+0530 (India Standard Time)
Request received at URL /api/v1/get-orders at Thu May 09 2024 21:28:49 GMT+0530 (India Standard Time)
Request received at URL /api/v1/get-products/1 at Thu May 09 2024 21:28:56 GMT+0530 (India Standard Time)
Request received at URL /api/v1/get-orders at Thu May 09 2024 21:29:03 GMT+0530 (India Standard Time)
Request received at URL /api/v1/get-products/1 at Thu May 09 2024 21:30:27 GMT+0530 (India Standard Time)
Request received at URL /api/v1/get-products/1 at Thu May 09 2024 21:31:12 GMT+0530 (India Standard Time)
Request received at URL /api/v1/get-products/1 at Thu May 09 2024 21:31:32 GMT+0530 (India Standard Time)
Request received at URL /api/v1/get-products/1 at Thu May 09 2024 21:32:17 GMT+0530 (India Standard Time)
Request received at URL /api/v1/get-products/1 at Thu May 09 2024 21:32:49 GMT+0530 (India Standard Time)
Request received at URL /api/v1/get-products/1 at Thu May 09 2024 21:35:38 GMT+0530 (India Standard Time)
Request received at URL /api/v1/get-products/1 at Thu May 09 2024 21:36:05 GMT+0530 (India Standard Time)
Request received at URL /api/v1/get-products/1 at Thu May 09 2024 21:37:12 GMT+0530 (India Standard Time)
Request received at URL /api/v1/get-products/1 at Thu May 09 2024 21:38:06 GMT+0530 (India Standard Time)
Request received at URL /api/v1/get-products/1 at Thu May 09 2024 21:40:47 GMT+0530 (India Standard Time)
Request received at URL /api/v1/get-products/1 at Thu May 09 2024 21:40:57 GMT+0530 (India Standard Time)
Request received at URL /api/v1/get-products/1 at Thu May 09 2024 21:45:15 GMT+0530 (India Standard Time)
Request received at URL /api/v1/get-products/1 at Thu May 09 2024 21:45:38 GMT+0530 (India Standard Time)
Request received at URL /api/v1/register at Thu May 09 2024 21:49:01 GMT+0530 (India Standard Time)
Request received at URL /api/v1/register at Thu May 09 2024 21:49:50 GMT+0530 (India Standard Time)
Request received at URL /api/v1/register at Thu May 09 2024 21:50:26 GMT+0530 (India Standard Time)
Request received at URL /api/v1/register at Thu May 09 2024 21:52:43 GMT+0530 (India Standard Time)
Request received at URL /api/v1/user-details at Fri May 10 2024 20:12:55 GMT+0530 (India Standard Time)
Request received at URL /api/v1/user-details at Fri May 10 2024 20:15:33 GMT+0530 (India Standard Time)
Request received at URL /images/profilepicture.jpg at Fri May 10 2024 20:16:04 GMT+0530 (India Standard Time)
Request received at URL /images/profilepicture.jpg at Fri May 10 2024 20:16:37 GMT+0530 (India Standard Time)
Request received at URL /09-05-2024/images/profilepicture.jpg at Fri May 10 2024 20:16:44 GMT+0530 (India Standard Time)
Request received at URL /09-05-2024/images/profilepicture.jpg at Fri May 10 2024 20:16:47 GMT+0530 (India Standard Time)
Request received at URL /09-05-2024/images/profilepicture.jpg at Fri May 10 2024 20:18:46 GMT+0530 (India Standard Time)
Request received at URL /09-05-2024/images/profilepicture.jpg at Fri May 10 2024 20:18:46 GMT+0530 (India Standard Time)
Request received at URL /09-05-2024/images/profilepicture.jpg at Fri May 10 2024 20:18:47 GMT+0530 (India Standard Time)
Request received at URL /profilepicture.jpg at Fri May 10 2024 20:18:54 GMT+0530 (India Standard Time)
Request received at URL /api/v1/user-details at Fri May 10 2024 20:19:44 GMT+0530 (India Standard Time)
Request received at URL /api/v1/user-details at Fri May 10 2024 20:19:57 GMT+0530 (India Standard Time)
Request received at URL /profilepicture.jpg at Fri May 10 2024 20:20:03 GMT+0530 (India Standard Time)
Request received at URL /profilepicture.jpg at Fri May 10 2024 20:20:17 GMT+0530 (India Standard Time)
Request received at URL /profilepicture.jpg at Fri May 10 2024 20:20:18 GMT+0530 (India Standard Time)
Request received at URL /profilepicture.jpg at Fri May 10 2024 20:20:18 GMT+0530 (India Standard Time)
Request received at URL /profilepicture.jpg at Fri May 10 2024 20:20:18 GMT+0530 (India Standard Time)
Request received at URL /profilepicture.jpg at Fri May 10 2024 20:20:18 GMT+0530 (India Standard Time)
Request received at URL /profilepicture.jpg at Fri May 10 2024 20:20:19 GMT+0530 (India Standard Time)
Request received at URL /profilepicture.jpg at Fri May 10 2024 20:20:19 GMT+0530 (India Standard Time)
Request received at URL /profilepicture.jpg at Fri May 10 2024 20:20:19 GMT+0530 (India Standard Time)
Request received at URL /profilepicture.jpg at Fri May 10 2024 20:20:19 GMT+0530 (India Standard Time)
Request received at URL /profilepicture.jpg at Fri May 10 2024 20:20:21 GMT+0530 (India Standard Time)
Request received at URL /profilepicture.jpg at Fri May 10 2024 20:20:33 GMT+0530 (India Standard Time)
Request received at URL /profilepicture.jpg at Fri May 10 2024 20:20:34 GMT+0530 (India Standard Time)
Request received at URL /profilepicture.jpg at Fri May 10 2024 20:20:34 GMT+0530 (India Standard Time)
Request received at URL /profilepicture.jpg at Fri May 10 2024 20:20:48 GMT+0530 (India Standard Time)